f:\work\cysvn\server\study\iocpexample_by_piggyxp\piggyiocpserver_2008\piggyiocpserver\debug\piggyiocpserver.pch
f:\work\cysvn\server\study\iocpexample_by_piggyxp\piggyiocpserver_2008\piggyiocpserver\debug\vc120.pdb
f:\work\cysvn\server\study\iocpexample_by_piggyxp\piggyiocpserver_2008\piggyiocpserver\debug\vc120.idb
f:\work\cysvn\server\study\iocpexample_by_piggyxp\piggyiocpserver_2008\piggyiocpserver\debug\stdafx.obj
f:\work\cysvn\server\study\iocpexample_by_piggyxp\piggyiocpserver_2008\piggyiocpserver\debug\iocpmodel.obj
f:\work\cysvn\server\study\iocpexample_by_piggyxp\piggyiocpserver_2008\piggyiocpserver\debug\maindlg.obj
f:\work\cysvn\server\study\iocpexample_by_piggyxp\piggyiocpserver_2008\piggyiocpserver\debug\piggyiocpserver.obj
f:\work\git\work\server\study\iocpexample_by_piggyxp\piggyiocpserver_2008\piggyiocpserver\debug\piggyiocpserver.pch
f:\work\git\work\server\study\iocpexample_by_piggyxp\piggyiocpserver_2008\piggyiocpserver\debug\vc120.pdb
f:\work\git\work\server\study\iocpexample_by_piggyxp\piggyiocpserver_2008\piggyiocpserver\debug\vc120.idb
f:\work\git\work\server\study\iocpexample_by_piggyxp\piggyiocpserver_2008\piggyiocpserver\debug\stdafx.obj
f:\work\git\work\server\study\iocpexample_by_piggyxp\piggyiocpserver_2008\piggyiocpserver\debug\iocpmodel.obj
f:\work\git\work\server\study\iocpexample_by_piggyxp\piggyiocpserver_2008\piggyiocpserver\debug\maindlg.obj
f:\work\git\work\server\study\iocpexample_by_piggyxp\piggyiocpserver_2008\piggyiocpserver\debug\piggyiocpserver.obj
f:\work\cysvn\server\study\iocpexample_by_piggyxp\piggyiocpserver_2008\debug\piggyiocpserver.ilk
f:\work\cysvn\server\study\iocpexample_by_piggyxp\piggyiocpserver_2008\debug\piggyiocpserver.exe
f:\work\cysvn\server\study\iocpexample_by_piggyxp\piggyiocpserver_2008\debug\piggyiocpserver.pdb
f:\work\git\work\server\study\iocpexample_by_piggyxp\piggyiocpserver_2008\debug\piggyiocpserver.ilk
f:\work\git\work\server\study\iocpexample_by_piggyxp\piggyiocpserver_2008\debug\piggyiocpserver.exe
f:\work\git\work\server\study\iocpexample_by_piggyxp\piggyiocpserver_2008\debug\piggyiocpserver.pdb
f:\work\cysvn\server\study\iocpexample_by_piggyxp\piggyiocpserver_2008\piggyiocpserver\debug\piggyiocpserver.res
f:\work\git\work\server\study\iocpexample_by_piggyxp\piggyiocpserver_2008\piggyiocpserver\debug\piggyiocpserver.res
f:\work\git\work\server\study\iocpexample_by_piggyxp\piggyiocpserver_2008\piggyiocpserver\debug\piggyiocpserver.tlog\cl.command.1.tlog
f:\work\git\work\server\study\iocpexample_by_piggyxp\piggyiocpserver_2008\piggyiocpserver\debug\piggyiocpserver.tlog\cl.read.1.tlog
f:\work\git\work\server\study\iocpexample_by_piggyxp\piggyiocpserver_2008\piggyiocpserver\debug\piggyiocpserver.tlog\cl.write.1.tlog
f:\work\git\work\server\study\iocpexample_by_piggyxp\piggyiocpserver_2008\piggyiocpserver\debug\piggyiocpserver.tlog\link.command.1.tlog
f:\work\git\work\server\study\iocpexample_by_piggyxp\piggyiocpserver_2008\piggyiocpserver\debug\piggyiocpserver.tlog\link.read.1.tlog
f:\work\git\work\server\study\iocpexample_by_piggyxp\piggyiocpserver_2008\piggyiocpserver\debug\piggyiocpserver.tlog\link.write.1.tlog
f:\work\git\work\server\study\iocpexample_by_piggyxp\piggyiocpserver_2008\piggyiocpserver\debug\piggyiocpserver.tlog\rc.command.1.tlog
f:\work\git\work\server\study\iocpexample_by_piggyxp\piggyiocpserver_2008\piggyiocpserver\debug\piggyiocpserver.tlog\rc.read.1.tlog
f:\work\git\work\server\study\iocpexample_by_piggyxp\piggyiocpserver_2008\piggyiocpserver\debug\piggyiocpserver.tlog\rc.write.1.tlog
