生成启动时间为 2017/2/3 15:16:24。
     1>项目“F:\work\Git\work\Server\Study\IOCPExample_By_PiggyXP\PiggyIOCPServer_2008\PiggyIOCPServer\PiggyIOCPServer.vcxproj”在节点 2 上(Build 个目标)。
     1>ClCompile:
         C:\Program Files (x86)\Microsoft Visual Studio 12.0\VC\bin\CL.exe /c /ZI /nologo /W3 /WX- /Od /Oy- /D WIN32 /D _WINDOWS /D _DEBUG /D _MBCS /Gm /EHsc /RTC1 /MTd /GS /fp:precise /Zc:wchar_t /Zc:forScope /Yc"stdafx.h" /Fp"Debug\PiggyIOCPServer.pch" /Fo"Debug\\" /Fd"Debug\vc120.pdb" /Gd /TP /analyze- /errorReport:prompt stdafx.cpp
         stdafx.cpp
     1>c:\program files (x86)\microsoft visual studio 12.0\vc\atlmfc\include\afx.h(38): warning C4996: 'MBCS_Support_Deprecated_In_MFC': MBCS support in MFC is deprecated and may be removed in a future version of MFC.
                 c:\program files (x86)\microsoft visual studio 12.0\vc\atlmfc\include\afx.h(33) : 参见“MBCS_Support_Deprecated_In_MFC”的声明
         C:\Program Files (x86)\Microsoft Visual Studio 12.0\VC\bin\CL.exe /c /ZI /nologo /W3 /WX- /Od /Oy- /D WIN32 /D _WINDOWS /D _DEBUG /D _MBCS /Gm /EHsc /RTC1 /MTd /GS /fp:precise /Zc:wchar_t /Zc:forScope /Yu"stdafx.h" /Fp"Debug\PiggyIOCPServer.pch" /Fo"Debug\\" /Fd"Debug\vc120.pdb" /Gd /TP /analyze- /errorReport:prompt IOCPModel.cpp MainDlg.cpp PiggyIOCPServer.cpp
         正在跳过...(未检测到相关更改)
         PiggyIOCPServer.cpp
         MainDlg.cpp
         IOCPModel.cpp
       ResourceCompile:
         C:\Program Files (x86)\Windows Kits\8.1\bin\x86\rc.exe /D _DEBUG /l"0x0804" /IDebug\ /nologo /fo"Debug\PiggyIOCPServer.res" PiggyIOCPServer.rc 
       Link:
         C:\Program Files (x86)\Microsoft Visual Studio 12.0\VC\bin\link.exe /ERRORREPORT:PROMPT /OUT:"F:\work\Git\work\Server\Study\IOCPExample_By_PiggyXP\PiggyIOCPServer_2008\Debug\PiggyIOCPServer.exe" /MANIFEST /MANIFESTUAC:"level='asInvoker' uiAccess='false'" /manifest:embed /manifestinput:XPStyle.manifest /manifestinput:"C:\Program Files (x86)\Microsoft Visual Studio 12.0\VC\Include\Manifest\dpiaware.manifest" /DEBUG /PDB:"F:\work\Git\work\Server\Study\IOCPExample_By_PiggyXP\PiggyIOCPServer_2008\Debug\PiggyIOCPServer.pdb" /SUBSYSTEM:WINDOWS /TLBID:1 /DYNAMICBASE /NXCOMPAT /IMPLIB:"F:\work\Git\work\Server\Study\IOCPExample_By_PiggyXP\PiggyIOCPServer_2008\Debug\PiggyIOCPServer.lib" /MACHINE:X86 /SAFESEH Debug\PiggyIOCPServer.res
         Debug\IOCPModel.obj
         Debug\MainDlg.obj
         Debug\PiggyIOCPServer.obj
         Debug\stdafx.obj
         Microsoft (R) Incremental Linker Version 12.00.21005.1
         Copyright (C) Microsoft Corporation.  All rights reserved.
         
         "/OUT:F:\work\Git\work\Server\Study\IOCPExample_By_PiggyXP\PiggyIOCPServer_2008\Debug\PiggyIOCPServer.exe" /MANIFEST "/MANIFESTUAC:level='asInvoker' uiAccess='false'" /manifest:embed /manifestinput:XPStyle.manifest "/manifestinput:C:\Program Files (x86)\Microsoft Visual Studio 12.0\VC\Include\Manifest\dpiaware.manifest" /DEBUG "/PDB:F:\work\Git\work\Server\Study\IOCPExample_By_PiggyXP\PiggyIOCPServer_2008\Debug\PiggyIOCPServer.pdb" /SUBSYSTEM:WINDOWS /TLBID:1 /DYNAMICBASE /NXCOMPAT "/IMPLIB:F:\work\Git\work\Server\Study\IOCPExample_By_PiggyXP\PiggyIOCPServer_2008\Debug\PiggyIOCPServer.lib" /MACHINE:X86 /SAFESEH Debug\PiggyIOCPServer.res 
         Debug\IOCPModel.obj 
         Debug\MainDlg.obj 
         Debug\PiggyIOCPServer.obj 
         Debug\stdafx.obj 
         PiggyIOCPServer.vcxproj -> F:\work\Git\work\Server\Study\IOCPExample_By_PiggyXP\PiggyIOCPServer_2008\Debug\PiggyIOCPServer.exe
     1>已完成生成项目“F:\work\Git\work\Server\Study\IOCPExample_By_PiggyXP\PiggyIOCPServer_2008\PiggyIOCPServer\PiggyIOCPServer.vcxproj”(Build 个目标)的操作。

生成成功。

已用时间 00:00:04.97
